<?xml version="1.0" encoding="UTF-8"?>
<!-- Generated by org.testng.reporters.JUnitReportReporter -->
<testsuite hostname="MH100031879" failures="0" tests="1" name="demoautomation1.Data_Validation" time="0.019" errors="0" timestamp="2024-04-30T16:51:13 IST" skipped="0">
  <testcase classname="demoautomation1.Data_Validation" name="testDataValidation" time="0.019"/>
</testsuite> <!-- demoautomation1.Data_Validation -->
