<?xml version="1.0" encoding="UTF-8"?>
<!-- Generated by org.testng.reporters.JUnitReportReporter -->
<testsuite hostname="MH100031879" failures="0" tests="1" name="demoautomation1.Test_Ng_Demo" time="0.022" errors="0" timestamp="2024-04-30T16:51:41 IST" skipped="0">
  <testcase classname="demoautomation1.Test_Ng_Demo" name="testDataValidation" time="0.022"/>
</testsuite> <!-- demoautomation1.Test_Ng_Demo -->
